
FileVersion:        2

ResolutionOfTime:   msec

Experiment:         3DReachspace

BackgroundColor:    0 0 0
TextColor:          255 255 255
TimeCourseColor:    192 192 192
TimeCourseThick:    2
ReferenceFuncColor: 0 0 80
ReferenceFuncThick: 2

NrOfConditions:     10

2D body-part
2
  16000        26000
 376000       386000
Color:              4 51 255

2D face
2
  96000       106000
 256000       266000
Color:              255 64 255

2D object-scrambled
2
 196000       206000
 236000       246000
Color:              121 121 121

2D object-solid
2
 116000       126000
 216000       226000
Color:              255 147 0

2D scene
2
  76000        86000
 316000       326000
Color:              0 143 0

3D body-part
2
 136000       146000
 336000       346000
Color:              0 253 255

3D face
2
 176000       186000
 356000       366000
Color:              242 176 249

3D object-scrambled
2
  56000        66000
 396000       406000
Color:              214 214 214

3D object-solid
2
 156000       166000
 296000       306000
Color:              255 212 121

3D scene
2
  36000        46000
 276000       286000
Color:              115 250 121
